2024-10-06 18:39:16.662 [info] Extension host with pid 6191 started
2024-10-06 18:39:16.682 [info] Lock '/home/ec2-user/.vscode-server/data/User/workspaceStorage/a57fa6fc87f644cb4ab1b3bf855a31b5/vscode.lock': Lock acquired.
2024-10-06 18:39:16.855 [info] ExtensionService#_doActivateExtension vscode.emmet, startup: false, activationEvent: 'onLanguage'
2024-10-06 18:39:16.860 [info] ExtensionService#_doActivateExtension IkBenGeenRobot.ansible-variable-lookup, startup: false, activationEvent: 'onLanguage:yaml'
2024-10-06 18:39:16.862 [info] ExtensionService#_doActivateExtension ms-python.python, startup: false, activationEvent: 'onLanguage:yaml', root cause: redhat.ansible
2024-10-06 18:39:16.862 [info] ExtensionService#_doActivateExtension redhat.vscode-yaml, startup: false, activationEvent: 'onLanguage:yaml', root cause: redhat.ansible
2024-10-06 18:39:16.863 [info] ExtensionService#_doActivateExtension vscode.git-base, startup: false, activationEvent: '*', root cause: vscode.git
2024-10-06 18:39:18.758 [info] ExtensionService#_doActivateExtension vscode.git, startup: false, activationEvent: '*'
2024-10-06 18:39:18.759 [info] ExtensionService#_doActivateExtension vscode.github, startup: false, activationEvent: '*'
2024-10-06 18:39:19.356 [info] Eager extensions activated
2024-10-06 18:39:19.357 [info] ExtensionService#_doActivateExtension vscode.debug-auto-launch, startup: false, activationEvent: 'onStartupFinished'
2024-10-06 18:39:19.357 [info] ExtensionService#_doActivateExtension vscode.merge-conflict, startup: false, activationEvent: 'onStartupFinished'
2024-10-06 18:39:19.358 [info] ExtensionService#_doActivateExtension franneck94.vscode-python-config, startup: false, activationEvent: 'onStartupFinished'
2024-10-06 18:39:20.206 [info] ExtensionService#_doActivateExtension redhat.ansible, startup: false, activationEvent: 'onLanguage:yaml'
2024-10-06 18:39:21.234 [info] ExtensionService#_doActivateExtension ms-python.vscode-pylance, startup: false, activationEvent: 'api', root cause: ms-python.python
2024-10-06 18:39:22.973 [warning] [redhat.vscode-yaml] Accessing a resource scoped configuration without providing a resource is not expected. To get the effective value for '[yaml]', provide the URI of a resource or 'null' for any resource.
2024-10-06 18:39:23.161 [warning] [redhat.vscode-yaml] Accessing a resource scoped configuration without providing a resource is not expected. To get the effective value for '[yaml]', provide the URI of a resource or 'null' for any resource.
2024-10-06 18:51:13.584 [info] Extension host terminating: renderer disconnected for too long (2)
2024-10-06 18:51:13.611 [info] Lock '/home/ec2-user/.vscode-server/data/User/workspaceStorage/a57fa6fc87f644cb4ab1b3bf855a31b5/vscode.lock': Marking the lockfile as scheduled to be released in 6000 ms.
2024-10-06 18:51:13.677 [info] Extension host with pid 6191 exiting with code 0
