2024-10-06 20:07:09,052 p=11525 u=ec2-user n=ansible | 172.31.18.207 | SUCCESS => {
    "ansible_facts": {
        "discovered_interpreter_python": "/usr/bin/python3.7"
    },
    "changed": false,
    "ping": "pong"
}
2024-10-06 20:07:09,109 p=11525 u=ec2-user n=ansible | 172.31.18.209 | SUCCESS => {
    "ansible_facts": {
        "discovered_interpreter_python": "/usr/bin/python3"
    },
    "changed": false,
    "ping": "pong"
}
2024-10-06 20:08:20,751 p=11606 u=ec2-user n=ansible | 172.31.18.207 | SUCCESS => {
    "ansible_facts": {
        "discovered_interpreter_python": "/usr/bin/python3.7"
    },
    "changed": false,
    "ping": "pong"
}
2024-10-06 20:08:20,950 p=11606 u=ec2-user n=ansible | 172.31.18.209 | SUCCESS => {
    "ansible_facts": {
        "discovered_interpreter_python": "/usr/bin/python3"
    },
    "changed": false,
    "ping": "pong"
}
