2024-10-06 09:40:24.074 [info] Extension host with pid 2748 started
2024-10-06 09:40:24.086 [info] Lock '/home/ec2-user/.vscode-server/data/User/workspaceStorage/a57fa6fc87f644cb4ab1b3bf855a31b5/vscode.lock': Lock acquired.
2024-10-06 09:40:24.331 [info] Eager extensions activated
2024-10-06 09:40:31.110 [info] ExtensionService#_doActivateExtension vscode.configuration-editing, startup: false, activationEvent: 'onLanguage:json'
2024-10-06 09:40:31.139 [info] ExtensionService#_doActivateExtension vscode.debug-auto-launch, startup: false, activationEvent: 'onStartupFinished'
2024-10-06 09:40:31.139 [info] ExtensionService#_doActivateExtension vscode.emmet, startup: false, activationEvent: 'onLanguage'
2024-10-06 09:40:31.149 [info] ExtensionService#_doActivateExtension vscode.extension-editing, startup: false, activationEvent: 'onLanguage:json'
2024-10-06 09:40:31.149 [info] ExtensionService#_doActivateExtension vscode.git-base, startup: false, activationEvent: '*', root cause: vscode.git
2024-10-06 09:40:31.150 [info] ExtensionService#_doActivateExtension vscode.json-language-features, startup: false, activationEvent: 'onLanguage:json'
2024-10-06 09:40:31.150 [info] ExtensionService#_doActivateExtension vscode.merge-conflict, startup: false, activationEvent: 'onStartupFinished'
2024-10-06 09:40:31.151 [info] ExtensionService#_doActivateExtension vscode.npm, startup: false, activationEvent: 'onLanguage:json'
2024-10-06 09:40:31.151 [info] ExtensionService#_doActivateExtension franneck94.vscode-python-config, startup: false, activationEvent: 'onStartupFinished'
2024-10-06 09:40:32.052 [info] ExtensionService#_doActivateExtension vscode.git, startup: false, activationEvent: '*'
2024-10-06 09:40:32.052 [info] ExtensionService#_doActivateExtension vscode.github, startup: false, activationEvent: '*'
2024-10-06 09:50:31.966 [info] ExtensionService#_doActivateExtension IkBenGeenRobot.ansible-variable-lookup, startup: false, activationEvent: 'onLanguage:yaml'
2024-10-06 09:50:31.966 [info] ExtensionService#_doActivateExtension ms-python.python, startup: false, activationEvent: 'onLanguage:yaml', root cause: redhat.ansible
2024-10-06 09:50:31.966 [info] ExtensionService#_doActivateExtension redhat.vscode-yaml, startup: false, activationEvent: 'onLanguage:yaml', root cause: redhat.ansible
2024-10-06 09:50:35.152 [info] ExtensionService#_doActivateExtension redhat.ansible, startup: false, activationEvent: 'onLanguage:yaml'
2024-10-06 09:50:36.309 [warning] [redhat.vscode-yaml] Accessing a resource scoped configuration without providing a resource is not expected. To get the effective value for '[yaml]', provide the URI of a resource or 'null' for any resource.
2024-10-06 09:50:36.331 [warning] [redhat.vscode-yaml] Accessing a resource scoped configuration without providing a resource is not expected. To get the effective value for '[yaml]', provide the URI of a resource or 'null' for any resource.
2024-10-06 09:50:37.941 [info] ExtensionService#_doActivateExtension ms-python.vscode-pylance, startup: false, activationEvent: 'api', root cause: ms-python.python
2024-10-06 10:05:35.675 [warning] redhat.vscode-yaml - Code actions of kind 'quickfix' requested but returned code action does not have a 'kind'. Code action will be dropped. Please set 'CodeAction.kind'.
2024-10-06 10:05:41.581 [warning] redhat.vscode-yaml - Code actions of kind 'quickfix' requested but returned code action does not have a 'kind'. Code action will be dropped. Please set 'CodeAction.kind'.
2024-10-06 10:05:48.331 [warning] redhat.vscode-yaml - Code actions of kind 'quickfix' requested but returned code action does not have a 'kind'. Code action will be dropped. Please set 'CodeAction.kind'.
2024-10-06 10:06:10.158 [warning] redhat.vscode-yaml - Code actions of kind 'quickfix' requested but returned code action does not have a 'kind'. Code action will be dropped. Please set 'CodeAction.kind'.
2024-10-06 10:33:05.401 [warning] [redhat.vscode-yaml] Accessing a resource scoped configuration without providing a resource is not expected. To get the effective value for '[yaml]', provide the URI of a resource or 'null' for any resource.
2024-10-06 10:33:05.459 [warning] DiagnosticCollection with name 'settings' does already exist.
2024-10-06 10:33:22.959 [warning] [redhat.vscode-yaml] Accessing a resource scoped configuration without providing a resource is not expected. To get the effective value for '[yaml]', provide the URI of a resource or 'null' for any resource.
2024-10-06 10:33:23.023 [warning] DiagnosticCollection with name 'settings' does already exist.
2024-10-06 13:55:34.552 [info] Extension host terminating: renderer disconnected for too long (1)
2024-10-06 13:55:34.553 [info] Lock '/home/ec2-user/.vscode-server/data/User/workspaceStorage/a57fa6fc87f644cb4ab1b3bf855a31b5/vscode.lock': Marking the lockfile as scheduled to be released in 6000 ms.
2024-10-06 13:55:34.612 [info] Extension host with pid 2748 exiting with code 0
